<?xml version="1.0" encoding="UTF-8"?>
<testng-results skipped="0" failed="0" ignored="0" total="1" passed="1">
  <reporter-output>
  </reporter-output>
  <suite name="Default suite" duration-ms="23677" started-at="2020-02-07T12:49:26 AEDT" finished-at="2020-02-07T12:49:50 AEDT">
    <groups>
    </groups>
    <test name="Default test" duration-ms="23677" started-at="2020-02-07T12:49:26 AEDT" finished-at="2020-02-07T12:49:50 AEDT">
      <class name="guruproject2.testng3">
        <test-method status="PASS" signature="beforeTest()[pri:0, instance:guruproject2.testng3@49fc609f]" name="beforeTest" is-config="true" duration-ms="40" started-at="2020-02-07T12:49:26 AEDT" finished-at="2020-02-07T12:49:26 AEDT">
          <reporter-output>
          </reporter-output>
        </test-method> <!-- beforeTest -->
        <test-method status="PASS" signature="test()[pri:0, instance:guruproject2.testng3@49fc609f]" name="test" duration-ms="23572" started-at="2020-02-07T12:49:26 AEDT" finished-at="2020-02-07T12:49:50 AEDT">
          <reporter-output>
          </reporter-output>
        </test-method> <!-- test -->
        <test-method status="PASS" signature="afterTest()[pri:0, instance:guruproject2.testng3@49fc609f]" name="afterTest" is-config="true" duration-ms="0" started-at="2020-02-07T12:49:50 AEDT" finished-at="2020-02-07T12:49:50 AEDT">
          <reporter-output>
          </reporter-output>
        </test-method> <!-- afterTest -->
      </class> <!-- guruproject2.testng3 -->
    </test> <!-- Default test -->
  </suite> <!-- Default suite -->
</testng-results>
