<?xml version="1.0" encoding="UTF-8"?>
<!-- Generated by org.testng.reporters.JUnitXMLReporter -->
<testsuite hostname="DESKTOP-UT6SEQC" ignored="0" tests="1" failures="1" timestamp="2020-02-07T10:30:00 AEDT" time="0.056" errors="0">
  <testcase name="@AfterTest afterTest" time="0.001" classname="testng3">
    <failure type="java.lang.NullPointerException">
      <![CDATA[java.lang.NullPointerException
at testng3.afterTest(testng3.java:76)
... Removed 24 stack frames]]>
    </failure>
  </testcase> <!-- @AfterTest afterTest -->
  <testcase name="test" time="0.0" classname="testng3">
    <failure type="org.testng.TestNGException" message="
Cannot inject @Test annotated Method [test] with [class java.lang.String, class java.lang.String].
For more information on native dependency injection please refer to http://testng.org/doc/documentation-main.html#native-dependency-injection">
      <![CDATA[org.testng.TestNGException: 
Cannot inject @Test annotated Method [test] with [class java.lang.String, class java.lang.String].
For more information on native dependency injection please refer to http://testng.org/doc/documentation-main.html#native-dependency-injection
at java.util.ArrayList.forEach(ArrayList.java:1257)
... Removed 26 stack frames]]>
    </failure>
  </testcase> <!-- test -->
</testsuite>
